Info: Generated by version: 22.4 build 94
Info: Starting: Create block symbol file (.bsf)
Info: qsys-generate C:\gitwork\master\HaasoscopePro\10gxip\pll10_1.ip --block-symbol-file --output-directory=C:\gitwork\master\HaasoscopePro\10gxip\pll10_1 --family="Cyclone 10 GX" --part=10CX105YF780E6G
Info: pll10_1.iopll_0: Able to implement PLL with user settings
Info: pll10_1.iopll_0: For this IOPLL's current configuration, performing  one dynamic phase shift will result in a phase shift of 208.3 picoseconds.
Info: pll10_1.iopll_0: In Manual Switchover Mode, the reference clock  used toggles between refclk and refclk1 on the rising edge of the extswitch signal.
Info: Finished: Create block symbol file (.bsf)
Info: 
Info: Starting: Create HDL design files for synthesis
Info: qsys-generate C:\gitwork\master\HaasoscopePro\10gxip\pll10_1.ip --synthesis=VERILOG --output-directory=C:\gitwork\master\HaasoscopePro\10gxip\pll10_1 --family="Cyclone 10 GX" --part=10CX105YF780E6G
Info: pll10_1.iopll_0: Able to implement PLL with user settings
Info: pll10_1.iopll_0: For this IOPLL's current configuration, performing  one dynamic phase shift will result in a phase shift of 208.3 picoseconds.
Info: pll10_1.iopll_0: In Manual Switchover Mode, the reference clock  used toggles between refclk and refclk1 on the rising edge of the extswitch signal.
Info: pll10_1: "Transforming system: pll10_1"
Info: pll10_1: "Naming system components in system: pll10_1"
Info: pll10_1: "Processing generation queue"
Info: pll10_1: "Generating: pll10_1"
Info: pll10_1: "Generating: pll10_1_altera_iopll_1931_onadaoq"
Info: pll10_1: Done "pll10_1" with 2 modules, 2 files
Info: Finished: Create HDL design files for synthesis
Info: Starting: Generate IP Core Documentation
Info: No documentation filesets were found for components in pll10_1. No files generated.
Info: Finished: Generate IP Core Documentation
