Info: Generated by version: 22.4 build 94
Info: Starting: Create block symbol file (.bsf)
Info: qsys-generate C:\gitwork\master\HaasoscopePro\10gxip\rambuffer10.ip --block-symbol-file --output-directory=C:\gitwork\master\HaasoscopePro\10gxip\rambuffer10 --family="Cyclone 10 GX" --part=10CX105YF780E6G
: rambuffer10.ram_2port_0: Targeting device family: Cyclone 10 GX.
: rambuffer10.ram_2port_0: In 'Widths/Blk Type' tab, field for 'q_a' output bus will be ignored while using one read port and one write port mode.
: rambuffer10.ram_2port_0: 'Mixed Port Read-During-Write' tab is unavailable while using "Dual clock: use separate 'read' and 'write' clocks" clocking method.
: rambuffer10.ram_2port_0: 'Same Port Read-During-Write' tab is unavailable while using one read port and one write port.
: rambuffer10.ram_2port_0: In 'Performance Optimization' tab, Cyclone 10 GX does not support 'Timing/Power Optimization' feature.
Info: Finished: Create block symbol file (.bsf)
Info: 
Info: Starting: Create HDL design files for synthesis
Info: qsys-generate C:\gitwork\master\HaasoscopePro\10gxip\rambuffer10.ip --synthesis=VERILOG --output-directory=C:\gitwork\master\HaasoscopePro\10gxip\rambuffer10 --family="Cyclone 10 GX" --part=10CX105YF780E6G
: rambuffer10.ram_2port_0: Targeting device family: Cyclone 10 GX.
: rambuffer10.ram_2port_0: In 'Widths/Blk Type' tab, field for 'q_a' output bus will be ignored while using one read port and one write port mode.
: rambuffer10.ram_2port_0: 'Mixed Port Read-During-Write' tab is unavailable while using "Dual clock: use separate 'read' and 'write' clocks" clocking method.
: rambuffer10.ram_2port_0: 'Same Port Read-During-Write' tab is unavailable while using one read port and one write port.
: rambuffer10.ram_2port_0: In 'Performance Optimization' tab, Cyclone 10 GX does not support 'Timing/Power Optimization' feature.
Info: rambuffer10: "Transforming system: rambuffer10"
Info: rambuffer10: "Naming system components in system: rambuffer10"
Info: rambuffer10: "Processing generation queue"
Info: rambuffer10: "Generating: rambuffer10"
Info: rambuffer10: "Generating: rambuffer10_ram_2port_2021_24ycm2i"
Info: rambuffer10: Done "rambuffer10" with 2 modules, 2 files
Info: Finished: Create HDL design files for synthesis
Info: Starting: Generate IP Core Documentation
Info: No documentation filesets were found for components in rambuffer10. No files generated.
Info: Finished: Generate IP Core Documentation
