Info: Generated by version: 22.4 build 94
Info: Starting: Create block symbol file (.bsf)
Info: qsys-generate C:\gitwork\master\HaasoscopePro\10gxip\clkctrl10.ip --block-symbol-file --output-directory=C:\gitwork\master\HaasoscopePro\10gxip\clkctrl10 --family="Cyclone 10 GX" --part=10CX105YF780E6G
: clkctrl10.altclkctrl_0: Targeting device family: Cyclone 10 GX.
: clkctrl10.altclkctrl_0: Global clock network allows a clock signal to reach all parts of the chip with the same amount of skew. Input port 'clkselect' can be used to switch between four clock inputs.
Info: Finished: Create block symbol file (.bsf)
Info: 
Info: Starting: Create HDL design files for synthesis
Info: qsys-generate C:\gitwork\master\HaasoscopePro\10gxip\clkctrl10.ip --synthesis=VERILOG --output-directory=C:\gitwork\master\HaasoscopePro\10gxip\clkctrl10 --family="Cyclone 10 GX" --part=10CX105YF780E6G
: clkctrl10.altclkctrl_0: Targeting device family: Cyclone 10 GX.
: clkctrl10.altclkctrl_0: Global clock network allows a clock signal to reach all parts of the chip with the same amount of skew. Input port 'clkselect' can be used to switch between four clock inputs.
Info: clkctrl10: "Transforming system: clkctrl10"
Info: clkctrl10: "Naming system components in system: clkctrl10"
Info: clkctrl10: "Processing generation queue"
Info: clkctrl10: "Generating: clkctrl10"
Info: clkctrl10: "Generating: clkctrl10_altclkctrl_2000_flawdga"
Info: altclkctrl_0: Generating top-level entity clkctrl10_altclkctrl_2000_flawdga.
Info: clkctrl10: Done "clkctrl10" with 2 modules, 2 files
Info: Finished: Create HDL design files for synthesis
Info: Starting: Generate IP Core Documentation
Info: No documentation filesets were found for components in clkctrl10. No files generated.
Info: Finished: Generate IP Core Documentation
